<assembly>
	<id>test-util</id>
	<formats>
		<format>dir</format>
	</formats>
	<includeBaseDirectory>false</includeBaseDirectory>
	<files>
		<file>
			<source>src/main/bin/run.bat</source>
			<destName>bin/run.bat</destName>
		</file>
	</files>
	<dependencySets>
		<dependencySet>
			<outputDirectory>/lib</outputDirectory>
			<unpack>false</unpack>
			<scope>runtime</scope>
		</dependencySet>
	</dependencySets>
	<componentDescriptors>
		<componentDescriptor>
			src/main/assembly/common.xml
		</componentDescriptor>
	</componentDescriptors>
</assembly>
